  Deck.cpp
C:\Users\KGA\source\repos\SFML StackLands\SFML Framework\Object\Deck.cpp(97,17): warning C4305: '인수': 'double'에서 'T'(으)로 잘립니다.
C:\Users\KGA\source\repos\SFML StackLands\SFML Framework\Object\Deck.cpp(97,17): warning C4305:         with
C:\Users\KGA\source\repos\SFML StackLands\SFML Framework\Object\Deck.cpp(97,17): warning C4305:         [
C:\Users\KGA\source\repos\SFML StackLands\SFML Framework\Object\Deck.cpp(97,17): warning C4305:             T=float
C:\Users\KGA\source\repos\SFML StackLands\SFML Framework\Object\Deck.cpp(97,17): warning C4305:         ]
  (소스 파일 '/Object/Deck.cpp'을(를) 컴파일하는 중)
  
C:\Users\KGA\source\repos\SFML StackLands\SFML Framework\Object\Deck.cpp(97,12): warning C4305: '인수': 'double'에서 'T'(으)로 잘립니다.
C:\Users\KGA\source\repos\SFML StackLands\SFML Framework\Object\Deck.cpp(97,12): warning C4305:         with
C:\Users\KGA\source\repos\SFML StackLands\SFML Framework\Object\Deck.cpp(97,12): warning C4305:         [
C:\Users\KGA\source\repos\SFML StackLands\SFML Framework\Object\Deck.cpp(97,12): warning C4305:             T=float
C:\Users\KGA\source\repos\SFML StackLands\SFML Framework\Object\Deck.cpp(97,12): warning C4305:         ]
  (소스 파일 '/Object/Deck.cpp'을(를) 컴파일하는 중)
  
C:\Users\KGA\source\repos\SFML StackLands\SFML Framework\Object\Deck.cpp(103,24): warning C4305: '인수': 'double'에서 'T'(으)로 잘립니다.
C:\Users\KGA\source\repos\SFML StackLands\SFML Framework\Object\Deck.cpp(103,24): warning C4305:         with
C:\Users\KGA\source\repos\SFML StackLands\SFML Framework\Object\Deck.cpp(103,24): warning C4305:         [
C:\Users\KGA\source\repos\SFML StackLands\SFML Framework\Object\Deck.cpp(103,24): warning C4305:             T=float
C:\Users\KGA\source\repos\SFML StackLands\SFML Framework\Object\Deck.cpp(103,24): warning C4305:         ]
  (소스 파일 '/Object/Deck.cpp'을(를) 컴파일하는 중)
  
C:\Users\KGA\source\repos\SFML StackLands\SFML Framework\Object\Deck.cpp(103,18): warning C4305: '인수': 'double'에서 'T'(으)로 잘립니다.
C:\Users\KGA\source\repos\SFML StackLands\SFML Framework\Object\Deck.cpp(103,18): warning C4305:         with
C:\Users\KGA\source\repos\SFML StackLands\SFML Framework\Object\Deck.cpp(103,18): warning C4305:         [
C:\Users\KGA\source\repos\SFML StackLands\SFML Framework\Object\Deck.cpp(103,18): warning C4305:             T=float
C:\Users\KGA\source\repos\SFML StackLands\SFML Framework\Object\Deck.cpp(103,18): warning C4305:         ]
  (소스 파일 '/Object/Deck.cpp'을(를) 컴파일하는 중)
  
C:\Users\KGA\source\repos\SFML StackLands\SFML Framework\Object\Deck.cpp(163,47): warning C4305: '인수': 'double'에서 'T'(으)로 잘립니다.
C:\Users\KGA\source\repos\SFML StackLands\SFML Framework\Object\Deck.cpp(163,47): warning C4305:         with
C:\Users\KGA\source\repos\SFML StackLands\SFML Framework\Object\Deck.cpp(163,47): warning C4305:         [
C:\Users\KGA\source\repos\SFML StackLands\SFML Framework\Object\Deck.cpp(163,47): warning C4305:             T=float
C:\Users\KGA\source\repos\SFML StackLands\SFML Framework\Object\Deck.cpp(163,47): warning C4305:         ]
  (소스 파일 '/Object/Deck.cpp'을(를) 컴파일하는 중)
  
C:\Users\KGA\source\repos\SFML StackLands\SFML Framework\Object\Deck.cpp(163,38): warning C4305: '인수': 'double'에서 'T'(으)로 잘립니다.
C:\Users\KGA\source\repos\SFML StackLands\SFML Framework\Object\Deck.cpp(163,38): warning C4305:         with
C:\Users\KGA\source\repos\SFML StackLands\SFML Framework\Object\Deck.cpp(163,38): warning C4305:         [
C:\Users\KGA\source\repos\SFML StackLands\SFML Framework\Object\Deck.cpp(163,38): warning C4305:             T=float
C:\Users\KGA\source\repos\SFML StackLands\SFML Framework\Object\Deck.cpp(163,38): warning C4305:         ]
  (소스 파일 '/Object/Deck.cpp'을(를) 컴파일하는 중)
  
  SFML Template.vcxproj -> C:\Users\KGA\source\repos\SFML StackLands\SFML Template Bin\SFML Template-d.exe
