c:\users\kga\desktop\sfml zombie\sfml framework\sfml template\x64\debug\vc143.pdb
c:\users\kga\desktop\sfml zombie\sfml framework\sfml template\x64\debug\vc143.idb
c:\users\kga\desktop\sfml zombie\sfml framework\sfml template\x64\debug\utils.obj
c:\users\kga\desktop\sfml zombie\sfml framework\sfml template\x64\debug\textgo.obj
c:\users\kga\desktop\sfml zombie\sfml framework\sfml template\x64\debug\spritego.obj
c:\users\kga\desktop\sfml zombie\sfml framework\sfml template\x64\debug\soundmgr.obj
c:\users\kga\desktop\sfml zombie\sfml framework\sfml template\x64\debug\main.obj
c:\users\kga\desktop\sfml zombie\sfml framework\sfml template\x64\debug\scenemgr.obj
c:\users\kga\desktop\sfml zombie\sfml framework\sfml template\x64\debug\scenedev2.obj
c:\users\kga\desktop\sfml zombie\sfml framework\sfml template\x64\debug\scenedev1.obj
c:\users\kga\desktop\sfml zombie\sfml framework\sfml template\x64\debug\scene.obj
c:\users\kga\desktop\sfml zombie\sfml framework\sfml template\x64\debug\inputmgr.obj
c:\users\kga\desktop\sfml zombie\sfml framework\sfml template\x64\debug\hitbox.obj
c:\users\kga\desktop\sfml zombie\sfml framework\sfml template\x64\debug\gameobject.obj
c:\users\kga\desktop\sfml zombie\sfml framework\sfml template\x64\debug\framework.obj
c:\users\kga\desktop\sfml zombie\sfml framework\sfml template\x64\debug\debugbox.obj
c:\users\kga\desktop\sfml zombie\sfml framework\sfml template\x64\debug\datatablemgr.obj
c:\users\kga\desktop\sfml zombie\sfml framework\sfml template\x64\debug\datatable.obj
c:\users\kga\desktop\sfml zombie\sfml framework\sfml template\x64\debug\bullet.obj
c:\users\kga\desktop\sfml zombie\sfml framework\sfml template\x64\debug\aniplayer.obj
c:\users\kga\desktop\sfml zombie\sfml framework\sfml template\x64\debug\animator.obj
c:\users\kga\desktop\sfml zombie\sfml framework\sfml template\x64\debug\animationclip.obj
c:\users\kga\desktop\sfml zombie\sfml framework\sfml template\x64\debug\zombietable.obj
c:\users\kga\desktop\sfml zombie\sfml framework\sfml template\x64\debug\zombieblood.obj
c:\users\kga\desktop\sfml zombie\sfml framework\sfml template\x64\debug\zombie.obj
c:\users\kga\desktop\sfml zombie\sfml framework\sfml template\x64\debug\upgrade.obj
c:\users\kga\desktop\sfml zombie\sfml framework\sfml template\x64\debug\uihud.obj
c:\users\kga\desktop\sfml zombie\sfml framework\sfml template\x64\debug\tilemap.obj
c:\users\kga\desktop\sfml zombie\sfml framework\sfml template\x64\debug\stringtable.obj
c:\users\kga\desktop\sfml zombie\sfml framework\sfml template\x64\debug\scenegame.obj
c:\users\kga\desktop\sfml zombie\sfml framework\sfml template\x64\debug\player.obj
c:\users\kga\desktop\sfml zombie\sfml framework\sfml template\x64\debug\item.obj
c:\users\kga\desktop\sfml zombie\sfml framework\sfml template\x64\debug\variables.obj
c:\users\kga\desktop\sfml zombie\sfml framework\sfml template\x64\debug\sfml template-d.pch
c:\users\kga\desktop\sfml zombie\sfml framework\sfml template\x64\debug\stdafx.obj
c:\users\kga\desktop\sfml zombie\sfml template bin\sfml template-d.exe
c:\users\kga\desktop\sfml zombie\sfml template bin\sfml template-d.pdb
c:\users\kga\desktop\sfml zombie\sfml framework\sfml template\x64\debug\sfml template-d.ilk
c:\users\kga\desktop\sfml zombie\sfml framework\sfml template\x64\debug\sfml template.tlog\cl.command.1.tlog
c:\users\kga\desktop\sfml zombie\sfml framework\sfml template\x64\debug\sfml template.tlog\cl.items.tlog
c:\users\kga\desktop\sfml zombie\sfml framework\sfml template\x64\debug\sfml template.tlog\cl.read.1.tlog
c:\users\kga\desktop\sfml zombie\sfml framework\sfml template\x64\debug\sfml template.tlog\cl.write.1.tlog
c:\users\kga\desktop\sfml zombie\sfml framework\sfml template\x64\debug\sfml template.tlog\link.command.1.tlog
c:\users\kga\desktop\sfml zombie\sfml framework\sfml template\x64\debug\sfml template.tlog\link.read.1.tlog
c:\users\kga\desktop\sfml zombie\sfml framework\sfml template\x64\debug\sfml template.tlog\link.secondary.1.tlog
c:\users\kga\desktop\sfml zombie\sfml framework\sfml template\x64\debug\sfml template.tlog\link.write.1.tlog
